<?xml version="1.0" encoding="UTF-8"?>
<robot generator="Robot 3.2.1 (Python 3.8.2 on win32)" generated="20200722 22:26:48.248" rpa="false">
<suite id="s1" name="TC 015 JsonLocators" source="C:\Users\win7\PycharmProjects\RobotFramework\TestCases\PracticeFolder\TC_015_JsonLocators.robot">
<test id="s1-t1" name="Open Browser, navigate to testingworld page and enter username and password">
<kw name="Open Browser" library="SeleniumLibrary">
<doc>Opens a new browser instance to the optional ``url``.</doc>
<arguments>
<arg>${URL}</arg>
<arg>${Browser}</arg>
</arguments>
<msg timestamp="20200722 22:26:48.757" level="INFO">Opening browser 'Chrome' to base url 'https://thetestingworld.com/testings/'.</msg>
<status status="PASS" starttime="20200722 22:26:48.756" endtime="20200722 22:27:25.266"></status>
</kw>
<kw name="Maximize Browser Window" library="SeleniumLibrary">
<doc>Maximizes current browser window.</doc>
<status status="PASS" starttime="20200722 22:27:25.267" endtime="20200722 22:27:26.493"></status>
</kw>
<kw name="Set Selenium Speed" library="SeleniumLibrary">
<doc>Sets the delay that is waited after each Selenium command.</doc>
<arguments>
<arg>2seconds</arg>
</arguments>
<status status="PASS" starttime="20200722 22:27:26.493" endtime="20200722 22:27:26.494"></status>
</kw>
<kw name="Real Element locator">
<arguments>
<arg>Registration.username_textbox_name</arg>
</arguments>
<assign>
<var>${Username}</var>
</assign>
<kw name="Read Locator From Json" library="JsonElementsLocator">
<arguments>
<arg>${JsonPath}</arg>
</arguments>
<assign>
<var>${Result}</var>
</assign>
<msg timestamp="20200722 22:27:26.497" level="INFO">${Result} = fld_username</msg>
<status status="PASS" starttime="20200722 22:27:26.495" endtime="20200722 22:27:26.497"></status>
</kw>
<msg timestamp="20200722 22:27:26.498" level="INFO">${Username} = fld_username</msg>
<status status="PASS" starttime="20200722 22:27:26.494" endtime="20200722 22:27:26.498"></status>
</kw>
<kw name="Input Text" library="SeleniumLibrary">
<doc>Types the given ``text`` into the text field identified by ``locator``.</doc>
<arguments>
<arg>name:${Username}</arg>
<arg>YathishG</arg>
</arguments>
<msg timestamp="20200722 22:27:26.500" level="INFO">Typing text 'YathishG' into text field 'name:fld_username'.</msg>
<status status="PASS" starttime="20200722 22:27:26.499" endtime="20200722 22:27:32.977"></status>
</kw>
<kw name="Real Element locator">
<arguments>
<arg>Registration.email_textbox_name</arg>
</arguments>
<assign>
<var>${email}</var>
</assign>
<kw name="Read Locator From Json" library="JsonElementsLocator">
<arguments>
<arg>${JsonPath}</arg>
</arguments>
<assign>
<var>${Result}</var>
</assign>
<msg timestamp="20200722 22:27:32.980" level="INFO">${Result} = fld_email</msg>
<status status="PASS" starttime="20200722 22:27:32.979" endtime="20200722 22:27:32.980"></status>
</kw>
<msg timestamp="20200722 22:27:32.980" level="INFO">${email} = fld_email</msg>
<status status="PASS" starttime="20200722 22:27:32.978" endtime="20200722 22:27:32.981"></status>
</kw>
<kw name="Input Text" library="SeleniumLibrary">
<doc>Types the given ``text`` into the text field identified by ``locator``.</doc>
<arguments>
<arg>name:${email}</arg>
<arg>Yathish@gmail.com</arg>
</arguments>
<msg timestamp="20200722 22:27:32.982" level="INFO">Typing text 'Yathish@gmail.com' into text field 'name:fld_email'.</msg>
<status status="PASS" starttime="20200722 22:27:32.981" endtime="20200722 22:27:39.281"></status>
</kw>
<kw name="Real Element locator">
<arguments>
<arg>Registration.password_textbox_name</arg>
</arguments>
<assign>
<var>${Password}</var>
</assign>
<kw name="Read Locator From Json" library="JsonElementsLocator">
<arguments>
<arg>${JsonPath}</arg>
</arguments>
<assign>
<var>${Result}</var>
</assign>
<msg timestamp="20200722 22:27:39.284" level="INFO">${Result} = xpath://input[@name='fld_password']</msg>
<status status="PASS" starttime="20200722 22:27:39.282" endtime="20200722 22:27:39.284"></status>
</kw>
<msg timestamp="20200722 22:27:39.284" level="INFO">${Password} = xpath://input[@name='fld_password']</msg>
<status status="PASS" starttime="20200722 22:27:39.282" endtime="20200722 22:27:39.284"></status>
</kw>
<kw name="Input Text" library="SeleniumLibrary">
<doc>Types the given ``text`` into the text field identified by ``locator``.</doc>
<arguments>
<arg>${Password}</arg>
<arg>pokiujyhtgrfdewsaq***</arg>
</arguments>
<msg timestamp="20200722 22:27:39.285" level="INFO">Typing text 'pokiujyhtgrfdewsaq***' into text field 'xpath://input[@name='fld_password']'.</msg>
<status status="PASS" starttime="20200722 22:27:39.285" endtime="20200722 22:27:45.563"></status>
</kw>
<kw name="Close Browser" library="SeleniumLibrary">
<doc>Closes the current browser.</doc>
<status status="PASS" starttime="20200722 22:27:45.564" endtime="20200722 22:27:49.709"></status>
</kw>
<status status="PASS" starttime="20200722 22:26:48.754" endtime="20200722 22:27:49.710" critical="yes"></status>
</test>
<status status="PASS" starttime="20200722 22:26:48.252" endtime="20200722 22:27:49.713"></status>
</suite>
<statistics>
<total>
<stat pass="1" fail="0">Critical Tests</stat>
<stat pass="1" fail="0">All Tests</stat>
</total>
<tag>
</tag>
<suite>
<stat pass="1" fail="0" id="s1" name="TC 015 JsonLocators">TC 015 JsonLocators</stat>
</suite>
</statistics>
<errors>
</errors>
</robot>
